<?xml version="1.0" encoding="UTF-8"?>
<testng-results skipped="0" failed="0" ignored="0" total="1" passed="1">
  <reporter-output>
  </reporter-output>
  <suite name="SAMS Suite" duration-ms="9073" started-at="2017-04-20T05:34:57Z" finished-at="2017-04-20T05:35:06Z">
    <groups>
    </groups>
    <test name="Login Test" duration-ms="9073" started-at="2017-04-20T05:34:57Z" finished-at="2017-04-20T05:35:06Z">
      <class name="com.monotype.automation.SAMSDashboards.testcases.LoginPageTestCases">
        <test-method status="PASS" signature="atBeforeSuite()[pri:0, instance:com.monotype.automation.SAMSDashboards.testcases.LoginPageTestCases@5594a1b5]" name="atBeforeSuite" is-config="true" duration-ms="5914" started-at="2017-04-20T11:04:51Z" finished-at="2017-04-20T11:04:57Z">
          <reporter-output>
          </reporter-output>
        </test-method> <!-- atBeforeSuite -->
        <test-method status="PASS" signature="atBeforeTest()[pri:0, instance:com.monotype.automation.SAMSDashboards.testcases.LoginPageTestCases@5594a1b5]" name="atBeforeTest" is-config="true" duration-ms="42" started-at="2017-04-20T11:04:57Z" finished-at="2017-04-20T11:04:57Z">
          <reporter-output>
          </reporter-output>
        </test-method> <!-- atBeforeTest -->
        <test-method status="PASS" signature="loginWithValidDetails()[pri:0, instance:com.monotype.automation.SAMSDashboards.testcases.LoginPageTestCases@5594a1b5]" name="loginWithValidDetails" duration-ms="9004" started-at="2017-04-20T11:04:57Z" finished-at="2017-04-20T11:05:06Z">
          <reporter-output>
          </reporter-output>
        </test-method> <!-- loginWithValidDetails -->
      </class> <!-- com.monotype.automation.SAMSDashboards.testcases.LoginPageTestCases -->
    </test> <!-- Login Test -->
  </suite> <!-- SAMS Suite -->
</testng-results>
