<?xml version="1.0" encoding="UTF-8"?>
<!-- Generated by org.testng.reporters.JUnitXMLReporter -->
<testsuite hostname="noi-gauravs-w81" ignored="2" name="Default test" tests="1" failures="0" timestamp="18 Apr 2017 07:23:56 GMT" time="37.867" errors="0">
  <testcase name="atTest" time="37.798" classname="com.monotype.automation.SAMSDashboards.testcases.LoginPageTestCases"/>
  <testcase name="@BeforeTest atBeforeTest" time="0.0" classname="com.monotype.automation.SAMSDashboards.BaseTest">
    <ignored/>
  </testcase> <!-- @BeforeTest atBeforeTest -->
  <testcase name="@BeforeSuite atBeforeSuite" time="0.0" classname="com.monotype.automation.SAMSDashboards.BaseTest">
    <ignored/>
  </testcase> <!-- @BeforeSuite atBeforeSuite -->
</testsuite> <!-- Default test -->
