<?xml version="1.0" encoding="UTF-8"?>
<testng-results skipped="0" failed="0" ignored="0" total="1" passed="1">
  <reporter-output>
  </reporter-output>
  <suite name="SAMS Suite" duration-ms="4033" started-at="2017-04-18T09:45:19Z" finished-at="2017-04-18T09:45:23Z">
    <groups>
    </groups>
    <test name="Login Test" duration-ms="4033" started-at="2017-04-18T09:45:19Z" finished-at="2017-04-18T09:45:23Z">
      <class name="com.monotype.automation.SAMSDashboards.testcases.LoginPageTestCases">
        <test-method status="PASS" signature="atBeforeSuite()[pri:0, instance:com.monotype.automation.SAMSDashboards.testcases.LoginPageTestCases@6f7fd0e6]" name="atBeforeSuite" is-config="true" duration-ms="4761" started-at="2017-04-18T15:15:14Z" finished-at="2017-04-18T15:15:19Z">
          <reporter-output>
          </reporter-output>
        </test-method> <!-- atBeforeSuite -->
        <test-method status="PASS" signature="atBeforeTest()[pri:0, instance:com.monotype.automation.SAMSDashboards.testcases.LoginPageTestCases@6f7fd0e6]" name="atBeforeTest" is-config="true" duration-ms="187" started-at="2017-04-18T15:15:19Z" finished-at="2017-04-18T15:15:19Z">
          <reporter-output>
          </reporter-output>
        </test-method> <!-- atBeforeTest -->
        <test-method status="PASS" signature="atTest()[pri:0, instance:com.monotype.automation.SAMSDashboards.testcases.LoginPageTestCases@6f7fd0e6]" name="atTest" duration-ms="3811" started-at="2017-04-18T15:15:19Z" finished-at="2017-04-18T15:15:23Z">
          <reporter-output>
          </reporter-output>
        </test-method> <!-- atTest -->
      </class> <!-- com.monotype.automation.SAMSDashboards.testcases.LoginPageTestCases -->
    </test> <!-- Login Test -->
  </suite> <!-- SAMS Suite -->
</testng-results>
